<?xml version="1.0" encoding="UTF-8"?>
<!-- Generated by org.testng.reporters.JUnitReportReporter -->
<testsuite hostname="DESKTOP-V41E420" name="wcTest.WCTest" tests="1" failures="0" timestamp="8 Nov 2017 09:38:15 GMT" time="41.116" errors="0">
  <testcase name="testCase1" time="41.116" classname="wcTest.WCTest"/>
</testsuite> <!-- wcTest.WCTest -->
