<?xml version="1.0" encoding="UTF-8"?>
<!-- Generated by org.testng.reporters.JUnitReportReporter -->
<testsuite skipped="0" hostname="DESKTOP-V41E420" name="test.Task1" tests="1" failures="0" timestamp="30 Oct 2017 13:24:31 GMT" time="44.095" errors="0">
  <testcase name="task1" time="44.095" classname="test.Task1"/>
</testsuite> <!-- test.Task1 -->
